<response>
  <header>
    <resultCode>00</resultCode>
    <resultMsg>NORMAL SERVICE.</resultMsg>
  </header>
  <body>
    <items>
      <item>
        <거래금액> 107,500</거래금액>
        <건축년도>1994</건축년도>
        <년>2021</년>
        <법정동> 분당동</법정동>
        <아파트>장안타운(건영)</아파트>
        <월>7</월>
        <일>1</일>
        <전용면적>85</전용면적>
        <지번>66</지번>
        <지역코드>41135</지역코드>
        <층>9</층>
        <해제사유발생일> </해제사유발생일>
        <해제여부> </해제여부>
      </item>
      <item>
        <거래금액> 200,000</거래금액>
        <건축년도>2009</건축년도>
        <년>2021</년>
        <법정동> 운중동</법정동>
        <아파트>산운마을14단지(경남아너스빌)</아파트>
        <월>7</월>
        <일>28</일>
        <전용면적>150.21</전용면적>
        <지번>916</지번>
        <지역코드>41135</지역코드>
        <층>12</층>
        <해제사유발생일> </해제사유발생일>
        <해제여부> </해제여부>
      </item>
      <item>
        <거래금액> 144,800</거래금액>
        <건축년도>2010</건축년도>
        <년>2021</년>
        <법정동> 운중동</법정동>
        <아파트>산운마을13단지(태영)</아파트>
        <월>7</월>
        <일>31</일>
        <전용면적>84.82</전용면적>
        <지번>918</지번>
        <지역코드>41135</지역코드>
        <층>12</층>
        <해제사유발생일> </해제사유발생일>
        <해제여부> </해제여부>
      </item>
    </items>
    <numOfRows>10</numOfRows>
    <pageNo>1</pageNo>
    <totalCount>1</totalCount>
  </body>
</response>